This file contains any messages produced by compilers while
running configure, to aid debugging if configure makes a mistake.

It was created by butt configure 0.1.15, which was
generated by GNU Autoconf 2.69.  Invocation command line was

  $ ./configure 

## --------- ##
## Platform. ##
## --------- ##

hostname = dl-desktop
uname -m = x86_64
uname -r = 3.13.0-37-generic
uname -s = Linux
uname -v = #64-Ubuntu SMP Mon Sep 22 21:28:38 UTC 2014

/usr/bin/uname -p = unknown
/bin/uname -X     = unknown

/bin/arch              = unknown
/usr/bin/arch -k       = unknown
/usr/convex/getsysinfo = unknown
/usr/bin/hostinfo      = unknown
/bin/machine           = unknown
/usr/bin/oslevel       = unknown
/bin/universe          = unknown

PATH: /usr/local/sbin
PATH: /usr/local/bin
PATH: /usr/sbin
PATH: /usr/bin
PATH: /sbin
PATH: /bin
PATH: /usr/games
PATH: /usr/local/games


## ----------- ##
## Core tests. ##
## ----------- ##

configure:2307: checking for a BSD-compatible install
configure:2375: result: /usr/bin/install -c
configure:2386: checking whether build environment is sane
configure:2441: result: yes
configure:2479: WARNING: 'missing' script is too old or missing
configure:2592: checking for a thread-safe mkdir -p
configure:2631: result: /bin/mkdir -p
configure:2638: checking for gawk
configure:2654: found /usr/bin/gawk
configure:2665: result: gawk
configure:2676: checking whether make sets $(MAKE)
configure:2698: result: yes
configure:2727: checking whether make supports nested variables
configure:2744: result: yes
configure:2933: checking for g++
configure:2949: found /usr/bin/g++
configure:2960: result: g++
configure:2987: checking for C++ compiler version
configure:2996: g++ --version >&5
g++ (Ubuntu 4.8.4-2ubuntu1~14.04.3) 4.8.4
Copyright (C) 2013 Free Software Foundation, Inc.
This is free software; see the source for copying conditions.  There is NO
warranty; not even for MERCHANTABILITY or FITNESS FOR A PARTICULAR PURPOSE.

configure:3007: $? = 0
configure:2996: g++ -v >&5
Using built-in specs.
COLLECT_GCC=g++
COLLECT_LTO_WRAPPER=/usr/lib/gcc/x86_64-linux-gnu/4.8/lto-wrapper
Target: x86_64-linux-gnu
Configured with: ../src/configure -v --with-pkgversion='Ubuntu 4.8.4-2ubuntu1~14.04.3' --with-bugurl=file:///usr/share/doc/gcc-4.8/README.Bugs --enable-languages=c,c++,java,go,d,fortran,objc,obj-c++ --prefix=/usr --program-suffix=-4.8 --enable-shared --enable-linker-build-id --libexecdir=/usr/lib --without-included-gettext --enable-threads=posix --with-gxx-include-dir=/usr/include/c++/4.8 --libdir=/usr/lib --enable-nls --with-sysroot=/ --enable-clocale=gnu --enable-libstdcxx-debug --enable-libstdcxx-time=yes --enable-gnu-unique-object --disable-libmudflap --enable-plugin --with-system-zlib --disable-browser-plugin --enable-java-awt=gtk --enable-gtk-cairo --with-java-home=/usr/lib/jvm/java-1.5.0-gcj-4.8-amd64/jre --enable-java-home --with-jvm-root-dir=/usr/lib/jvm/java-1.5.0-gcj-4.8-amd64 --with-jvm-jar-dir=/usr/lib/jvm-exports/java-1.5.0-gcj-4.8-amd64 --with-arch-directory=amd64 --with-ecj-jar=/usr/share/java/eclipse-ecj.jar --enable-objc-gc --enable-multiarch --disable-werror --with-arch-32=i686 --with-abi=m64 --with-multilib-list=m32,m64,mx32 --with-tune=generic --enable-checking=release --build=x86_64-linux-gnu --host=x86_64-linux-gnu --target=x86_64-linux-gnu
Thread model: posix
gcc version 4.8.4 (Ubuntu 4.8.4-2ubuntu1~14.04.3) 
configure:3007: $? = 0
configure:2996: g++ -V >&5
g++: error: unrecognized command line option '-V'
g++: fatal error: no input files
compilation terminated.
configure:3007: $? = 4
configure:2996: g++ -qversion >&5
g++: error: unrecognized command line option '-qversion'
g++: fatal error: no input files
compilation terminated.
configure:3007: $? = 4
configure:3027: checking whether the C++ compiler works
configure:3049: g++    conftest.cpp  >&5
configure:3053: $? = 0
configure:3101: result: yes
configure:3104: checking for C++ compiler default output file name
configure:3106: result: a.out
configure:3112: checking for suffix of executables
configure:3119: g++ -o conftest    conftest.cpp  >&5
configure:3123: $? = 0
configure:3145: result: 
configure:3167: checking whether we are cross compiling
configure:3175: g++ -o conftest    conftest.cpp  >&5
configure:3179: $? = 0
configure:3186: ./conftest
configure:3190: $? = 0
configure:3205: result: no
configure:3210: checking for suffix of object files
configure:3232: g++ -c   conftest.cpp >&5
configure:3236: $? = 0
configure:3257: result: o
configure:3261: checking whether we are using the GNU C++ compiler
configure:3280: g++ -c   conftest.cpp >&5
configure:3280: $? = 0
configure:3289: result: yes
configure:3298: checking whether g++ accepts -g
configure:3318: g++ -c -g  conftest.cpp >&5
configure:3318: $? = 0
configure:3359: result: yes
configure:3393: checking for style of include used by make
configure:3421: result: GNU
configure:3447: checking dependency style of g++
configure:3558: result: gcc3
configure:3621: checking for gcc
configure:3637: found /usr/bin/gcc
configure:3648: result: gcc
configure:3877: checking for C compiler version
configure:3886: gcc --version >&5
gcc (Ubuntu 4.8.4-2ubuntu1~14.04.3) 4.8.4
Copyright (C) 2013 Free Software Foundation, Inc.
This is free software; see the source for copying conditions.  There is NO
warranty; not even for MERCHANTABILITY or FITNESS FOR A PARTICULAR PURPOSE.

configure:3897: $? = 0
configure:3886: gcc -v >&5
Using built-in specs.
COLLECT_GCC=gcc
COLLECT_LTO_WRAPPER=/usr/lib/gcc/x86_64-linux-gnu/4.8/lto-wrapper
Target: x86_64-linux-gnu
Configured with: ../src/configure -v --with-pkgversion='Ubuntu 4.8.4-2ubuntu1~14.04.3' --with-bugurl=file:///usr/share/doc/gcc-4.8/README.Bugs --enable-languages=c,c++,java,go,d,fortran,objc,obj-c++ --prefix=/usr --program-suffix=-4.8 --enable-shared --enable-linker-build-id --libexecdir=/usr/lib --without-included-gettext --enable-threads=posix --with-gxx-include-dir=/usr/include/c++/4.8 --libdir=/usr/lib --enable-nls --with-sysroot=/ --enable-clocale=gnu --enable-libstdcxx-debug --enable-libstdcxx-time=yes --enable-gnu-unique-object --disable-libmudflap --enable-plugin --with-system-zlib --disable-browser-plugin --enable-java-awt=gtk --enable-gtk-cairo --with-java-home=/usr/lib/jvm/java-1.5.0-gcj-4.8-amd64/jre --enable-java-home --with-jvm-root-dir=/usr/lib/jvm/java-1.5.0-gcj-4.8-amd64 --with-jvm-jar-dir=/usr/lib/jvm-exports/java-1.5.0-gcj-4.8-amd64 --with-arch-directory=amd64 --with-ecj-jar=/usr/share/java/eclipse-ecj.jar --enable-objc-gc --enable-multiarch --disable-werror --with-arch-32=i686 --with-abi=m64 --with-multilib-list=m32,m64,mx32 --with-tune=generic --enable-checking=release --build=x86_64-linux-gnu --host=x86_64-linux-gnu --target=x86_64-linux-gnu
Thread model: posix
gcc version 4.8.4 (Ubuntu 4.8.4-2ubuntu1~14.04.3) 
configure:3897: $? = 0
configure:3886: gcc -V >&5
gcc: error: unrecognized command line option '-V'
gcc: fatal error: no input files
compilation terminated.
configure:3897: $? = 4
configure:3886: gcc -qversion >&5
gcc: error: unrecognized command line option '-qversion'
gcc: fatal error: no input files
compilation terminated.
configure:3897: $? = 4
configure:3901: checking whether we are using the GNU C compiler
configure:3920: gcc -c   conftest.c >&5
configure:3920: $? = 0
configure:3929: result: yes
configure:3938: checking whether gcc accepts -g
configure:3958: gcc -c -g  conftest.c >&5
configure:3958: $? = 0
configure:3999: result: yes
configure:4016: checking for gcc option to accept ISO C89
configure:4079: gcc  -c -g -O2  conftest.c >&5
configure:4079: $? = 0
configure:4092: result: none needed
configure:4117: checking whether gcc understands -c and -o together
configure:4139: gcc -c conftest.c -o conftest2.o
configure:4142: $? = 0
configure:4139: gcc -c conftest.c -o conftest2.o
configure:4142: $? = 0
configure:4154: result: yes
configure:4173: checking dependency style of gcc
configure:4284: result: gcc3
configure:4304: checking for ogg_stream_init in -logg
configure:4329: gcc -o conftest -g -O2   -L/usr/local/lib conftest.c -logg   >&5
configure:4329: $? = 0
configure:4338: result: yes
configure:4352: checking for vorbis_info_init in -lvorbis
configure:4377: gcc -o conftest -g -O2   -L/usr/local/lib conftest.c -lvorbis  -logg  >&5
configure:4377: $? = 0
configure:4386: result: yes
configure:4400: checking for vorbis_encode_init in -lvorbisenc
configure:4425: gcc -o conftest -g -O2   -L/usr/local/lib conftest.c -lvorbisenc  -lvorbis -logg  >&5
configure:4425: $? = 0
configure:4434: result: yes
configure:4448: checking for opus_encoder_create in -lopus
configure:4473: gcc -o conftest -g -O2   -L/usr/local/lib conftest.c -lopus  -lvorbisenc -lvorbis -logg  >&5
configure:4473: $? = 0
configure:4482: result: yes
configure:4496: checking for lame_init in -lmp3lame
configure:4521: gcc -o conftest -g -O2   -L/usr/local/lib conftest.c -lmp3lame  -lopus -lvorbisenc -lvorbis -logg  >&5
configure:4521: $? = 0
configure:4530: result: yes
configure:4545: checking for FLAC__stream_encoder_new in -lFLAC
configure:4570: gcc -o conftest -g -O2   -L/usr/local/lib conftest.c -lFLAC  -lmp3lame -lopus -lvorbisenc -lvorbis -logg  >&5
configure:4570: $? = 0
configure:4579: result: yes
configure:4593: checking for Pa_Initialize in -lportaudio
configure:4618: gcc -o conftest -g -O2   -L/usr/local/lib conftest.c -lportaudio  -lFLAC -lmp3lame -lopus -lvorbisenc -lvorbis -logg  >&5
configure:4618: $? = 0
configure:4627: result: yes
configure:4641: checking for pthread_create in -lpthread
configure:4666: gcc -o conftest -g -O2   -L/usr/local/lib conftest.c -lpthread  -lportaudio -lFLAC -lmp3lame -lopus -lvorbisenc -lvorbis -logg  >&5
configure:4666: $? = 0
configure:4675: result: yes
configure:4689: checking for src_new in -lsamplerate
configure:4714: gcc -o conftest -g -O2   -L/usr/local/lib conftest.c -lsamplerate  -lpthread -lportaudio -lFLAC -lmp3lame -lopus -lvorbisenc -lvorbis -logg  >&5
configure:4714: $? = 0
configure:4723: result: yes
configure:4738: checking for aacEncOpen in -lfdk-aac
configure:4763: gcc -o conftest -g -O2   -L/usr/local/lib conftest.c -lfdk-aac  -lsamplerate -lpthread -lportaudio -lFLAC -lmp3lame -lopus -lvorbisenc -lvorbis -logg  >&5
configure:4763: $? = 0
configure:4772: result: yes
configure:4792: checking how to run the C preprocessor
configure:4823: gcc -E  conftest.c
configure:4823: $? = 0
configure:4837: gcc -E  conftest.c
conftest.c:21:28: fatal error: ac_nonexistent.h: No such file or directory
 #include <ac_nonexistent.h>
                            ^
compilation terminated.
configure:4837: $? = 1
configure: failed program was:
| /* confdefs.h */
| #define PACKAGE_NAME "butt"
| #define PACKAGE_TARNAME "butt"
| #define PACKAGE_VERSION "0.1.15"
| #define PACKAGE_STRING "butt 0.1.15"
| #define PACKAGE_BUGREPORT "BUG-REPORT-ADDRESS"
| #define PACKAGE_URL ""
| #define PACKAGE "butt"
| #define VERSION "0.1.15"
| #define HAVE_LIBOGG 1
| #define HAVE_LIBVORBIS 1
| #define HAVE_LIBVORBISENC 1
| #define HAVE_LIBOPUS 1
| #define HAVE_LIBMP3LAME 1
| #define HAVE_LIBFLAC 1
| #define HAVE_LIBPORTAUDIO 1
| #define HAVE_LIBPTHREAD 1
| #define HAVE_LIBSAMPLERATE 1
| #define HAVE_LIBFDK_AAC 1
| /* end confdefs.h.  */
| #include <ac_nonexistent.h>
configure:4862: result: gcc -E
configure:4882: gcc -E  conftest.c
configure:4882: $? = 0
configure:4896: gcc -E  conftest.c
conftest.c:21:28: fatal error: ac_nonexistent.h: No such file or directory
 #include <ac_nonexistent.h>
                            ^
compilation terminated.
configure:4896: $? = 1
configure: failed program was:
| /* confdefs.h */
| #define PACKAGE_NAME "butt"
| #define PACKAGE_TARNAME "butt"
| #define PACKAGE_VERSION "0.1.15"
| #define PACKAGE_STRING "butt 0.1.15"
| #define PACKAGE_BUGREPORT "BUG-REPORT-ADDRESS"
| #define PACKAGE_URL ""
| #define PACKAGE "butt"
| #define VERSION "0.1.15"
| #define HAVE_LIBOGG 1
| #define HAVE_LIBVORBIS 1
| #define HAVE_LIBVORBISENC 1
| #define HAVE_LIBOPUS 1
| #define HAVE_LIBMP3LAME 1
| #define HAVE_LIBFLAC 1
| #define HAVE_LIBPORTAUDIO 1
| #define HAVE_LIBPTHREAD 1
| #define HAVE_LIBSAMPLERATE 1
| #define HAVE_LIBFDK_AAC 1
| /* end confdefs.h.  */
| #include <ac_nonexistent.h>
configure:4925: checking for grep that handles long lines and -e
configure:4983: result: /bin/grep
configure:4988: checking for egrep
configure:5050: result: /bin/grep -E
configure:5055: checking for ANSI C header files
configure:5075: gcc -c -g -O2  conftest.c >&5
configure:5075: $? = 0
configure:5148: gcc -o conftest -g -O2   -L/usr/local/lib conftest.c -lfdk-aac -lsamplerate -lpthread -lportaudio -lFLAC -lmp3lame -lopus -lvorbisenc -lvorbis -logg  >&5
configure:5148: $? = 0
configure:5148: ./conftest
configure:5148: $? = 0
configure:5159: result: yes
configure:5172: checking for sys/types.h
configure:5172: gcc -c -g -O2  conftest.c >&5
configure:5172: $? = 0
configure:5172: result: yes
configure:5172: checking for sys/stat.h
configure:5172: gcc -c -g -O2  conftest.c >&5
configure:5172: $? = 0
configure:5172: result: yes
configure:5172: checking for stdlib.h
configure:5172: gcc -c -g -O2  conftest.c >&5
configure:5172: $? = 0
configure:5172: result: yes
configure:5172: checking for string.h
configure:5172: gcc -c -g -O2  conftest.c >&5
configure:5172: $? = 0
configure:5172: result: yes
configure:5172: checking for memory.h
configure:5172: gcc -c -g -O2  conftest.c >&5
configure:5172: $? = 0
configure:5172: result: yes
configure:5172: checking for strings.h
configure:5172: gcc -c -g -O2  conftest.c >&5
configure:5172: $? = 0
configure:5172: result: yes
configure:5172: checking for inttypes.h
configure:5172: gcc -c -g -O2  conftest.c >&5
configure:5172: $? = 0
configure:5172: result: yes
configure:5172: checking for stdint.h
configure:5172: gcc -c -g -O2  conftest.c >&5
configure:5172: $? = 0
configure:5172: result: yes
configure:5172: checking for unistd.h
configure:5172: gcc -c -g -O2  conftest.c >&5
configure:5172: $? = 0
configure:5172: result: yes
configure:5184: checking winsock2.h usability
configure:5184: gcc -c -g -O2  conftest.c >&5
conftest.c:64:22: fatal error: winsock2.h: No such file or directory
 #include <winsock2.h>
                      ^
compilation terminated.
configure:5184: $? = 1
configure: failed program was:
| /* confdefs.h */
| #define PACKAGE_NAME "butt"
| #define PACKAGE_TARNAME "butt"
| #define PACKAGE_VERSION "0.1.15"
| #define PACKAGE_STRING "butt 0.1.15"
| #define PACKAGE_BUGREPORT "BUG-REPORT-ADDRESS"
| #define PACKAGE_URL ""
| #define PACKAGE "butt"
| #define VERSION "0.1.15"
| #define HAVE_LIBOGG 1
| #define HAVE_LIBVORBIS 1
| #define HAVE_LIBVORBISENC 1
| #define HAVE_LIBOPUS 1
| #define HAVE_LIBMP3LAME 1
| #define HAVE_LIBFLAC 1
| #define HAVE_LIBPORTAUDIO 1
| #define HAVE_LIBPTHREAD 1
| #define HAVE_LIBSAMPLERATE 1
| #define HAVE_LIBFDK_AAC 1
| #define STDC_HEADERS 1
| #define HAVE_SYS_TYPES_H 1
| #define HAVE_SYS_STAT_H 1
| #define HAVE_STDLIB_H 1
| #define HAVE_STRING_H 1
| #define HAVE_MEMORY_H 1
| #define HAVE_STRINGS_H 1
| #define HAVE_INTTYPES_H 1
| #define HAVE_STDINT_H 1
| #define HAVE_UNISTD_H 1
| /* end confdefs.h.  */
| #include <stdio.h>
| #ifdef HAVE_SYS_TYPES_H
| # include <sys/types.h>
| #endif
| #ifdef HAVE_SYS_STAT_H
| # include <sys/stat.h>
| #endif
| #ifdef STDC_HEADERS
| # include <stdlib.h>
| # include <stddef.h>
| #else
| # ifdef HAVE_STDLIB_H
| #  include <stdlib.h>
| # endif
| #endif
| #ifdef HAVE_STRING_H
| # if !defined STDC_HEADERS && defined HAVE_MEMORY_H
| #  include <memory.h>
| # endif
| # include <string.h>
| #endif
| #ifdef HAVE_STRINGS_H
| # include <strings.h>
| #endif
| #ifdef HAVE_INTTYPES_H
| # include <inttypes.h>
| #endif
| #ifdef HAVE_STDINT_H
| # include <stdint.h>
| #endif
| #ifdef HAVE_UNISTD_H
| # include <unistd.h>
| #endif
| #include <winsock2.h>
configure:5184: result: no
configure:5184: checking winsock2.h presence
configure:5184: gcc -E  conftest.c
conftest.c:31:22: fatal error: winsock2.h: No such file or directory
 #include <winsock2.h>
                      ^
compilation terminated.
configure:5184: $? = 1
configure: failed program was:
| /* confdefs.h */
| #define PACKAGE_NAME "butt"
| #define PACKAGE_TARNAME "butt"
| #define PACKAGE_VERSION "0.1.15"
| #define PACKAGE_STRING "butt 0.1.15"
| #define PACKAGE_BUGREPORT "BUG-REPORT-ADDRESS"
| #define PACKAGE_URL ""
| #define PACKAGE "butt"
| #define VERSION "0.1.15"
| #define HAVE_LIBOGG 1
| #define HAVE_LIBVORBIS 1
| #define HAVE_LIBVORBISENC 1
| #define HAVE_LIBOPUS 1
| #define HAVE_LIBMP3LAME 1
| #define HAVE_LIBFLAC 1
| #define HAVE_LIBPORTAUDIO 1
| #define HAVE_LIBPTHREAD 1
| #define HAVE_LIBSAMPLERATE 1
| #define HAVE_LIBFDK_AAC 1
| #define STDC_HEADERS 1
| #define HAVE_SYS_TYPES_H 1
| #define HAVE_SYS_STAT_H 1
| #define HAVE_STDLIB_H 1
| #define HAVE_STRING_H 1
| #define HAVE_MEMORY_H 1
| #define HAVE_STRINGS_H 1
| #define HAVE_INTTYPES_H 1
| #define HAVE_STDINT_H 1
| #define HAVE_UNISTD_H 1
| /* end confdefs.h.  */
| #include <winsock2.h>
configure:5184: result: no
configure:5184: checking for winsock2.h
configure:5184: result: no
configure:5204: checking for fltk-config
configure:5220: found /usr/bin/fltk-config
configure:5231: result: fltk-config
configure:5241: checking for main in -lfltk
configure:5260: gcc -o conftest -g -O2   -L/usr/local/lib conftest.c -lfltk  -lfdk-aac -lsamplerate -lpthread -lportaudio -lFLAC -lmp3lame -lopus -lvorbisenc -lvorbis -logg  >&5
configure:5260: $? = 0
configure:5269: result: yes
configure:5288: checking for X
configure:5396: gcc -E  conftest.c
configure:5396: $? = 0
configure:5427: gcc -o conftest -g -O2   -L/usr/local/lib conftest.c -lX11 -lfdk-aac -lsamplerate -lpthread -lportaudio -lFLAC -lmp3lame -lopus -lvorbisenc -lvorbis -logg  -Wl,-Bsymbolic-functions -lfltk_images -lfltk -lX11 >&5
configure:5427: $? = 0
configure:5477: result: libraries , headers 
configure:5484: checking fcntl.h usability
configure:5484: gcc -c -g -O2  conftest.c >&5
configure:5484: $? = 0
configure:5484: result: yes
configure:5484: checking fcntl.h presence
configure:5484: gcc -E  conftest.c
configure:5484: $? = 0
configure:5484: result: yes
configure:5484: checking for fcntl.h
configure:5484: result: yes
configure:5484: checking limits.h usability
configure:5484: gcc -c -g -O2  conftest.c >&5
configure:5484: $? = 0
configure:5484: result: yes
configure:5484: checking limits.h presence
configure:5484: gcc -E  conftest.c
configure:5484: $? = 0
configure:5484: result: yes
configure:5484: checking for limits.h
configure:5484: result: yes
configure:5484: checking netdb.h usability
configure:5484: gcc -c -g -O2  conftest.c >&5
configure:5484: $? = 0
configure:5484: result: yes
configure:5484: checking netdb.h presence
configure:5484: gcc -E  conftest.c
configure:5484: $? = 0
configure:5484: result: yes
configure:5484: checking for netdb.h
configure:5484: result: yes
configure:5484: checking netinet/in.h usability
configure:5484: gcc -c -g -O2  conftest.c >&5
configure:5484: $? = 0
configure:5484: result: yes
configure:5484: checking netinet/in.h presence
configure:5484: gcc -E  conftest.c
configure:5484: $? = 0
configure:5484: result: yes
configure:5484: checking for netinet/in.h
configure:5484: result: yes
configure:5484: checking for stdlib.h
configure:5484: result: yes
configure:5484: checking for string.h
configure:5484: result: yes
configure:5484: checking sys/socket.h usability
configure:5484: gcc -c -g -O2  conftest.c >&5
configure:5484: $? = 0
configure:5484: result: yes
configure:5484: checking sys/socket.h presence
configure:5484: gcc -E  conftest.c
configure:5484: $? = 0
configure:5484: result: yes
configure:5484: checking for sys/socket.h
configure:5484: result: yes
configure:5484: checking for unistd.h
configure:5484: result: yes
configure:5496: checking for stdbool.h that conforms to C99
configure:5563: gcc -c -g -O2  conftest.c >&5
configure:5563: $? = 0
configure:5570: result: yes
configure:5572: checking for _Bool
configure:5572: gcc -c -g -O2  conftest.c >&5
configure:5572: $? = 0
configure:5572: gcc -c -g -O2  conftest.c >&5
conftest.c: In function 'main':
conftest.c:75:20: error: expected expression before ')' token
 if (sizeof ((_Bool)))
                    ^
configure:5572: $? = 1
configure: failed program was:
| /* confdefs.h */
| #define PACKAGE_NAME "butt"
| #define PACKAGE_TARNAME "butt"
| #define PACKAGE_VERSION "0.1.15"
| #define PACKAGE_STRING "butt 0.1.15"
| #define PACKAGE_BUGREPORT "BUG-REPORT-ADDRESS"
| #define PACKAGE_URL ""
| #define PACKAGE "butt"
| #define VERSION "0.1.15"
| #define HAVE_LIBOGG 1
| #define HAVE_LIBVORBIS 1
| #define HAVE_LIBVORBISENC 1
| #define HAVE_LIBOPUS 1
| #define HAVE_LIBMP3LAME 1
| #define HAVE_LIBFLAC 1
| #define HAVE_LIBPORTAUDIO 1
| #define HAVE_LIBPTHREAD 1
| #define HAVE_LIBSAMPLERATE 1
| #define HAVE_LIBFDK_AAC 1
| #define STDC_HEADERS 1
| #define HAVE_SYS_TYPES_H 1
| #define HAVE_SYS_STAT_H 1
| #define HAVE_STDLIB_H 1
| #define HAVE_STRING_H 1
| #define HAVE_MEMORY_H 1
| #define HAVE_STRINGS_H 1
| #define HAVE_INTTYPES_H 1
| #define HAVE_STDINT_H 1
| #define HAVE_UNISTD_H 1
| #define HAVE_FCNTL_H 1
| #define HAVE_LIMITS_H 1
| #define HAVE_NETDB_H 1
| #define HAVE_NETINET_IN_H 1
| #define HAVE_STDLIB_H 1
| #define HAVE_STRING_H 1
| #define HAVE_SYS_SOCKET_H 1
| #define HAVE_UNISTD_H 1
| /* end confdefs.h.  */
| #include <stdio.h>
| #ifdef HAVE_SYS_TYPES_H
| # include <sys/types.h>
| #endif
| #ifdef HAVE_SYS_STAT_H
| # include <sys/stat.h>
| #endif
| #ifdef STDC_HEADERS
| # include <stdlib.h>
| # include <stddef.h>
| #else
| # ifdef HAVE_STDLIB_H
| #  include <stdlib.h>
| # endif
| #endif
| #ifdef HAVE_STRING_H
| # if !defined STDC_HEADERS && defined HAVE_MEMORY_H
| #  include <memory.h>
| # endif
| # include <string.h>
| #endif
| #ifdef HAVE_STRINGS_H
| # include <strings.h>
| #endif
| #ifdef HAVE_INTTYPES_H
| # include <inttypes.h>
| #endif
| #ifdef HAVE_STDINT_H
| # include <stdint.h>
| #endif
| #ifdef HAVE_UNISTD_H
| # include <unistd.h>
| #endif
| int
| main ()
| {
| if (sizeof ((_Bool)))
| 	    return 0;
|   ;
|   return 0;
| }
configure:5572: result: yes
configure:5589: checking for inline
configure:5605: gcc -c -g -O2  conftest.c >&5
configure:5605: $? = 0
configure:5613: result: inline
configure:5635: checking for stdlib.h
configure:5635: result: yes
configure:5645: checking for GNU libc compatible malloc
configure:5669: gcc -o conftest -g -O2   -L/usr/local/lib conftest.c -lfdk-aac -lsamplerate -lpthread -lportaudio -lFLAC -lmp3lame -lopus -lvorbisenc -lvorbis -logg  -Wl,-Bsymbolic-functions -lfltk_images -lfltk -lX11 >&5
configure:5669: $? = 0
configure:5669: ./conftest
configure:5669: $? = 0
configure:5679: result: yes
configure:5702: checking for stdlib.h
configure:5702: result: yes
configure:5712: checking for GNU libc compatible realloc
configure:5736: gcc -o conftest -g -O2   -L/usr/local/lib conftest.c -lfdk-aac -lsamplerate -lpthread -lportaudio -lFLAC -lmp3lame -lopus -lvorbisenc -lvorbis -logg  -Wl,-Bsymbolic-functions -lfltk_images -lfltk -lX11 >&5
configure:5736: $? = 0
configure:5736: ./conftest
configure:5736: $? = 0
configure:5746: result: yes
configure:5770: checking for gethostbyaddr
configure:5770: gcc -o conftest -g -O2   -L/usr/local/lib conftest.c -lfdk-aac -lsamplerate -lpthread -lportaudio -lFLAC -lmp3lame -lopus -lvorbisenc -lvorbis -logg  -Wl,-Bsymbolic-functions -lfltk_images -lfltk -lX11 >&5
configure:5770: $? = 0
configure:5770: result: yes
configure:5770: checking for gethostbyname
configure:5770: gcc -o conftest -g -O2   -L/usr/local/lib conftest.c -lfdk-aac -lsamplerate -lpthread -lportaudio -lFLAC -lmp3lame -lopus -lvorbisenc -lvorbis -logg  -Wl,-Bsymbolic-functions -lfltk_images -lfltk -lX11 >&5
configure:5770: $? = 0
configure:5770: result: yes
configure:5770: checking for memset
configure:5770: gcc -o conftest -g -O2   -L/usr/local/lib conftest.c -lfdk-aac -lsamplerate -lpthread -lportaudio -lFLAC -lmp3lame -lopus -lvorbisenc -lvorbis -logg  -Wl,-Bsymbolic-functions -lfltk_images -lfltk -lX11 >&5
conftest.c:70:6: warning: conflicting types for built-in function 'memset' [enabled by default]
 char memset ();
      ^
configure:5770: $? = 0
configure:5770: result: yes
configure:5770: checking for pow
configure:5770: gcc -o conftest -g -O2   -L/usr/local/lib conftest.c -lfdk-aac -lsamplerate -lpthread -lportaudio -lFLAC -lmp3lame -lopus -lvorbisenc -lvorbis -logg  -Wl,-Bsymbolic-functions -lfltk_images -lfltk -lX11 >&5
conftest.c:71:6: warning: conflicting types for built-in function 'pow' [enabled by default]
 char pow ();
      ^
/tmp/ccfryeVs.o: In function `main':
/home/dl/Entwicklung/Fanradio/butt/conftest.c:82: undefined reference to `pow'
collect2: error: ld returned 1 exit status
configure:5770: $? = 1
configure: failed program was:
| /* confdefs.h */
| #define PACKAGE_NAME "butt"
| #define PACKAGE_TARNAME "butt"
| #define PACKAGE_VERSION "0.1.15"
| #define PACKAGE_STRING "butt 0.1.15"
| #define PACKAGE_BUGREPORT "BUG-REPORT-ADDRESS"
| #define PACKAGE_URL ""
| #define PACKAGE "butt"
| #define VERSION "0.1.15"
| #define HAVE_LIBOGG 1
| #define HAVE_LIBVORBIS 1
| #define HAVE_LIBVORBISENC 1
| #define HAVE_LIBOPUS 1
| #define HAVE_LIBMP3LAME 1
| #define HAVE_LIBFLAC 1
| #define HAVE_LIBPORTAUDIO 1
| #define HAVE_LIBPTHREAD 1
| #define HAVE_LIBSAMPLERATE 1
| #define HAVE_LIBFDK_AAC 1
| #define STDC_HEADERS 1
| #define HAVE_SYS_TYPES_H 1
| #define HAVE_SYS_STAT_H 1
| #define HAVE_STDLIB_H 1
| #define HAVE_STRING_H 1
| #define HAVE_MEMORY_H 1
| #define HAVE_STRINGS_H 1
| #define HAVE_INTTYPES_H 1
| #define HAVE_STDINT_H 1
| #define HAVE_UNISTD_H 1
| #define HAVE_FCNTL_H 1
| #define HAVE_LIMITS_H 1
| #define HAVE_NETDB_H 1
| #define HAVE_NETINET_IN_H 1
| #define HAVE_STDLIB_H 1
| #define HAVE_STRING_H 1
| #define HAVE_SYS_SOCKET_H 1
| #define HAVE_UNISTD_H 1
| #define HAVE__BOOL 1
| #define HAVE_STDBOOL_H 1
| #define HAVE_STDLIB_H 1
| #define HAVE_MALLOC 1
| #define HAVE_STDLIB_H 1
| #define HAVE_REALLOC 1
| #define HAVE_GETHOSTBYADDR 1
| #define HAVE_GETHOSTBYNAME 1
| #define HAVE_MEMSET 1
| /* end confdefs.h.  */
| /* Define pow to an innocuous variant, in case <limits.h> declares pow.
|    For example, HP-UX 11i <limits.h> declares gettimeofday.  */
| #define pow innocuous_pow
| 
| /* System header to define __stub macros and hopefully few prototypes,
|     which can conflict with char pow (); below.
|     Prefer <limits.h> to <assert.h> if __STDC__ is defined, since
|     <limits.h> exists even on freestanding compilers.  */
| 
| #ifdef __STDC__
| # include <limits.h>
| #else
| # include <assert.h>
| #endif
| 
| #undef pow
| 
| /* Override any GCC internal prototype to avoid an error.
|    Use char because int might match the return type of a GCC
|    builtin and then its argument prototype would still apply.  */
| #ifdef __cplusplus
| extern "C"
| #endif
| char pow ();
| /* The GNU C library defines this for functions which it implements
|     to always fail with ENOSYS.  Some functions are actually named
|     something starting with __ and the normal name is an alias.  */
| #if defined __stub_pow || defined __stub___pow
| choke me
| #endif
| 
| int
| main ()
| {
| return pow ();
|   ;
|   return 0;
| }
configure:5770: result: no
configure:5770: checking for select
configure:5770: gcc -o conftest -g -O2   -L/usr/local/lib conftest.c -lfdk-aac -lsamplerate -lpthread -lportaudio -lFLAC -lmp3lame -lopus -lvorbisenc -lvorbis -logg  -Wl,-Bsymbolic-functions -lfltk_images -lfltk -lX11 >&5
configure:5770: $? = 0
configure:5770: result: yes
configure:5770: checking for socket
configure:5770: gcc -o conftest -g -O2   -L/usr/local/lib conftest.c -lfdk-aac -lsamplerate -lpthread -lportaudio -lFLAC -lmp3lame -lopus -lvorbisenc -lvorbis -logg  -Wl,-Bsymbolic-functions -lfltk_images -lfltk -lX11 >&5
configure:5770: $? = 0
configure:5770: result: yes
configure:5770: checking for strchr
configure:5770: gcc -o conftest -g -O2   -L/usr/local/lib conftest.c -lfdk-aac -lsamplerate -lpthread -lportaudio -lFLAC -lmp3lame -lopus -lvorbisenc -lvorbis -logg  -Wl,-Bsymbolic-functions -lfltk_images -lfltk -lX11 >&5
conftest.c:73:6: warning: conflicting types for built-in function 'strchr' [enabled by default]
 char strchr ();
      ^
configure:5770: $? = 0
configure:5770: result: yes
configure:5770: checking for strdup
configure:5770: gcc -o conftest -g -O2   -L/usr/local/lib conftest.c -lfdk-aac -lsamplerate -lpthread -lportaudio -lFLAC -lmp3lame -lopus -lvorbisenc -lvorbis -logg  -Wl,-Bsymbolic-functions -lfltk_images -lfltk -lX11 >&5
conftest.c:74:6: warning: conflicting types for built-in function 'strdup' [enabled by default]
 char strdup ();
      ^
configure:5770: $? = 0
configure:5770: result: yes
configure:5770: checking for strpbrk
configure:5770: gcc -o conftest -g -O2   -L/usr/local/lib conftest.c -lfdk-aac -lsamplerate -lpthread -lportaudio -lFLAC -lmp3lame -lopus -lvorbisenc -lvorbis -logg  -Wl,-Bsymbolic-functions -lfltk_images -lfltk -lX11 >&5
conftest.c:75:6: warning: conflicting types for built-in function 'strpbrk' [enabled by default]
 char strpbrk ();
      ^
configure:5770: $? = 0
configure:5770: result: yes
configure:5770: checking for strrchr
configure:5770: gcc -o conftest -g -O2   -L/usr/local/lib conftest.c -lfdk-aac -lsamplerate -lpthread -lportaudio -lFLAC -lmp3lame -lopus -lvorbisenc -lvorbis -logg  -Wl,-Bsymbolic-functions -lfltk_images -lfltk -lX11 >&5
conftest.c:76:6: warning: conflicting types for built-in function 'strrchr' [enabled by default]
 char strrchr ();
      ^
configure:5770: $? = 0
configure:5770: result: yes
configure:5770: checking for strstr
configure:5770: gcc -o conftest -g -O2   -L/usr/local/lib conftest.c -lfdk-aac -lsamplerate -lpthread -lportaudio -lFLAC -lmp3lame -lopus -lvorbisenc -lvorbis -logg  -Wl,-Bsymbolic-functions -lfltk_images -lfltk -lX11 >&5
conftest.c:77:6: warning: conflicting types for built-in function 'strstr' [enabled by default]
 char strstr ();
      ^
configure:5770: $? = 0
configure:5770: result: yes
configure:5891: checking that generated files are newer than configure
configure:5897: result: done
configure:5928: creating ./config.status

## ---------------------- ##
## Running config.status. ##
## ---------------------- ##

This file was extended by butt config.status 0.1.15, which was
generated by GNU Autoconf 2.69.  Invocation command line was

  CONFIG_FILES    = 
  CONFIG_HEADERS  = 
  CONFIG_LINKS    = 
  CONFIG_COMMANDS = 
  $ ./config.status 

on dl-desktop

config.status:899: creating Makefile
config.status:899: creating src/Makefile
config.status:899: creating config.h
config.status:1080: config.h is unchanged
config.status:1128: executing depfiles commands

## ---------------- ##
## Cache variables. ##
## ---------------- ##

ac_cv_c_compiler_gnu=yes
ac_cv_c_inline=inline
ac_cv_cxx_compiler_gnu=yes
ac_cv_env_CCC_set=
ac_cv_env_CCC_value=
ac_cv_env_CC_set=
ac_cv_env_CC_value=
ac_cv_env_CFLAGS_set=
ac_cv_env_CFLAGS_value=
ac_cv_env_CPPFLAGS_set=
ac_cv_env_CPPFLAGS_value=
ac_cv_env_CPP_set=
ac_cv_env_CPP_value=
ac_cv_env_CXXFLAGS_set=
ac_cv_env_CXXFLAGS_value=
ac_cv_env_CXX_set=
ac_cv_env_CXX_value=
ac_cv_env_LDFLAGS_set=
ac_cv_env_LDFLAGS_value=
ac_cv_env_LIBS_set=
ac_cv_env_LIBS_value=
ac_cv_env_XMKMF_set=
ac_cv_env_XMKMF_value=
ac_cv_env_build_alias_set=
ac_cv_env_build_alias_value=
ac_cv_env_host_alias_set=
ac_cv_env_host_alias_value=
ac_cv_env_target_alias_set=
ac_cv_env_target_alias_value=
ac_cv_func_gethostbyaddr=yes
ac_cv_func_gethostbyname=yes
ac_cv_func_malloc_0_nonnull=yes
ac_cv_func_memset=yes
ac_cv_func_pow=no
ac_cv_func_realloc_0_nonnull=yes
ac_cv_func_select=yes
ac_cv_func_socket=yes
ac_cv_func_strchr=yes
ac_cv_func_strdup=yes
ac_cv_func_strpbrk=yes
ac_cv_func_strrchr=yes
ac_cv_func_strstr=yes
ac_cv_have_x='have_x=yes	ac_x_includes='\'''\''	ac_x_libraries='\'''\'''
ac_cv_header_fcntl_h=yes
ac_cv_header_inttypes_h=yes
ac_cv_header_limits_h=yes
ac_cv_header_memory_h=yes
ac_cv_header_netdb_h=yes
ac_cv_header_netinet_in_h=yes
ac_cv_header_stdbool_h=yes
ac_cv_header_stdc=yes
ac_cv_header_stdint_h=yes
ac_cv_header_stdlib_h=yes
ac_cv_header_string_h=yes
ac_cv_header_strings_h=yes
ac_cv_header_sys_socket_h=yes
ac_cv_header_sys_stat_h=yes
ac_cv_header_sys_types_h=yes
ac_cv_header_unistd_h=yes
ac_cv_header_winsock2_h=no
ac_cv_lib_FLAC_FLAC__stream_encoder_new=yes
ac_cv_lib_fdk_aac_aacEncOpen=yes
ac_cv_lib_fltk_main=yes
ac_cv_lib_mp3lame_lame_init=yes
ac_cv_lib_ogg_ogg_stream_init=yes
ac_cv_lib_opus_opus_encoder_create=yes
ac_cv_lib_portaudio_Pa_Initialize=yes
ac_cv_lib_pthread_pthread_create=yes
ac_cv_lib_samplerate_src_new=yes
ac_cv_lib_vorbis_vorbis_info_init=yes
ac_cv_lib_vorbisenc_vorbis_encode_init=yes
ac_cv_objext=o
ac_cv_path_EGREP='/bin/grep -E'
ac_cv_path_GREP=/bin/grep
ac_cv_path_install='/usr/bin/install -c'
ac_cv_path_mkdir=/bin/mkdir
ac_cv_prog_AWK=gawk
ac_cv_prog_CPP='gcc -E'
ac_cv_prog_FLTKCONFIG=fltk-config
ac_cv_prog_ac_ct_CC=gcc
ac_cv_prog_ac_ct_CXX=g++
ac_cv_prog_cc_c89=
ac_cv_prog_cc_g=yes
ac_cv_prog_cxx_g=yes
ac_cv_prog_make_make_set=yes
ac_cv_type__Bool=yes
am_cv_CC_dependencies_compiler_type=gcc3
am_cv_CXX_dependencies_compiler_type=gcc3
am_cv_make_support_nested_variables=yes
am_cv_prog_cc_c_o=yes

## ----------------- ##
## Output variables. ##
## ----------------- ##

ACLOCAL='aclocal-1.14'
AMDEPBACKSLASH='\'
AMDEP_FALSE='#'
AMDEP_TRUE=''
AMTAR='$${TAR-tar}'
AM_BACKSLASH='\'
AM_DEFAULT_V='$(AM_DEFAULT_VERBOSITY)'
AM_DEFAULT_VERBOSITY='1'
AM_V='$(V)'
AUTOCONF='autoconf'
AUTOHEADER='autoheader'
AUTOMAKE='automake-1.14'
AWK='gawk'
CC='gcc'
CCDEPMODE='depmode=gcc3'
CFLAGS='-g -O2'
CPP='gcc -E'
CPPFLAGS=''
CXX='g++'
CXXDEPMODE='depmode=gcc3'
CXXFLAGS='-g -O2  -I/usr/include/cairo -I/usr/include/glib-2.0 -I/usr/lib/x86_64-linux-gnu/glib-2.0/include -I/usr/include/pixman-1 -I/usr/include/freetype2 -I/usr/include/libpng12   -I/usr/include/freetype2 -I/usr/include/cairo -I/usr/include/glib-2.0 -I/usr/lib/x86_64-linux-gnu/glib-2.0/include -I/usr/include/pixman-1 -I/usr/include/freetype2 -I/usr/include/libpng12    -D_LARGEFILE_SOURCE -D_LARGEFILE64_SOURCE -D_THREAD_SAFE -D_REENTRANT'
CYGPATH_W='echo'
DEFS='-DHAVE_CONFIG_H'
DEPDIR='.deps'
ECHO_C=''
ECHO_N='-n'
ECHO_T=''
EGREP='/bin/grep -E'
EXEEXT=''
FLTKCONFIG='fltk-config'
GREP='/bin/grep'
INSTALL_DATA='${INSTALL} -m 644'
INSTALL_PROGRAM='${INSTALL}'
INSTALL_SCRIPT='${INSTALL}'
INSTALL_STRIP_PROGRAM='$(install_sh) -c -s'
LDFLAGS=' -L/usr/local/lib'
LIBOBJS=''
LIBS='-lfdk-aac -lsamplerate -lpthread -lportaudio -lFLAC -lmp3lame -lopus -lvorbisenc -lvorbis -logg  -Wl,-Bsymbolic-functions -lfltk_images -lfltk -lX11'
LTLIBOBJS=''
MAKEINFO='makeinfo'
MKDIR_P='/bin/mkdir -p'
OBJEXT='o'
PACKAGE='butt'
PACKAGE_BUGREPORT='BUG-REPORT-ADDRESS'
PACKAGE_NAME='butt'
PACKAGE_STRING='butt 0.1.15'
PACKAGE_TARNAME='butt'
PACKAGE_URL=''
PACKAGE_VERSION='0.1.15'
PATH_SEPARATOR=':'
SET_MAKE=''
SHELL='/bin/bash'
STRIP=''
VERSION='0.1.15'
WINDOWS_FALSE=''
WINDOWS_TRUE='#'
XMKMF=''
ac_ct_CC='gcc'
ac_ct_CXX='g++'
am__EXEEXT_FALSE=''
am__EXEEXT_TRUE='#'
am__fastdepCC_FALSE='#'
am__fastdepCC_TRUE=''
am__fastdepCXX_FALSE='#'
am__fastdepCXX_TRUE=''
am__include='include'
am__isrc=''
am__leading_dot='.'
am__nodep='_no'
am__quote=''
am__tar='$${TAR-tar} chof - "$$tardir"'
am__untar='$${TAR-tar} xf -'
bindir='${exec_prefix}/bin'
build_alias=''
datadir='${datarootdir}'
datarootdir='${prefix}/share'
docdir='${datarootdir}/doc/${PACKAGE_TARNAME}'
dvidir='${docdir}'
exec_prefix='${prefix}'
host_alias=''
htmldir='${docdir}'
includedir='${prefix}/include'
infodir='${datarootdir}/info'
install_sh='${SHELL} /home/dl/Entwicklung/Fanradio/butt/install-sh'
libdir='${exec_prefix}/lib'
libexecdir='${exec_prefix}/libexec'
localedir='${datarootdir}/locale'
localstatedir='${prefix}/var'
mandir='${datarootdir}/man'
mkdir_p='$(MKDIR_P)'
oldincludedir='/usr/include'
pdfdir='${docdir}'
prefix='/usr/local'
program_transform_name='s,x,x,'
psdir='${docdir}'
sbindir='${exec_prefix}/sbin'
sharedstatedir='${prefix}/com'
sysconfdir='${prefix}/etc'
target_alias=''

## ----------- ##
## confdefs.h. ##
## ----------- ##

/* confdefs.h */
#define PACKAGE_NAME "butt"
#define PACKAGE_TARNAME "butt"
#define PACKAGE_VERSION "0.1.15"
#define PACKAGE_STRING "butt 0.1.15"
#define PACKAGE_BUGREPORT "BUG-REPORT-ADDRESS"
#define PACKAGE_URL ""
#define PACKAGE "butt"
#define VERSION "0.1.15"
#define HAVE_LIBOGG 1
#define HAVE_LIBVORBIS 1
#define HAVE_LIBVORBISENC 1
#define HAVE_LIBOPUS 1
#define HAVE_LIBMP3LAME 1
#define HAVE_LIBFLAC 1
#define HAVE_LIBPORTAUDIO 1
#define HAVE_LIBPTHREAD 1
#define HAVE_LIBSAMPLERATE 1
#define HAVE_LIBFDK_AAC 1
#define STDC_HEADERS 1
#define HAVE_SYS_TYPES_H 1
#define HAVE_SYS_STAT_H 1
#define HAVE_STDLIB_H 1
#define HAVE_STRING_H 1
#define HAVE_MEMORY_H 1
#define HAVE_STRINGS_H 1
#define HAVE_INTTYPES_H 1
#define HAVE_STDINT_H 1
#define HAVE_UNISTD_H 1
#define HAVE_FCNTL_H 1
#define HAVE_LIMITS_H 1
#define HAVE_NETDB_H 1
#define HAVE_NETINET_IN_H 1
#define HAVE_STDLIB_H 1
#define HAVE_STRING_H 1
#define HAVE_SYS_SOCKET_H 1
#define HAVE_UNISTD_H 1
#define HAVE__BOOL 1
#define HAVE_STDBOOL_H 1
#define HAVE_STDLIB_H 1
#define HAVE_MALLOC 1
#define HAVE_STDLIB_H 1
#define HAVE_REALLOC 1
#define HAVE_GETHOSTBYADDR 1
#define HAVE_GETHOSTBYNAME 1
#define HAVE_MEMSET 1
#define HAVE_SELECT 1
#define HAVE_SOCKET 1
#define HAVE_STRCHR 1
#define HAVE_STRDUP 1
#define HAVE_STRPBRK 1
#define HAVE_STRRCHR 1
#define HAVE_STRSTR 1

configure: exit 0
